<?xml version="1.0" encoding="UTF-8"?>
<testng-results total="2" passed="2" failed="0" skipped="0">
  <reporter-output>
    <line>
      <![CDATA[chrome]]>
    </line>
    <line>
      <![CDATA[firefox]]>
    </line>
  </reporter-output>
  <suite started-at="2022-07-18T10:42:46Z" name="Default suite" finished-at="2022-07-18T10:42:46Z" duration-ms="221">
    <groups>
    </groups>
    <test started-at="2022-07-18T10:42:46Z" name="Default test" finished-at="2022-07-18T10:42:46Z" duration-ms="221">
      <class name="org.test.practice.TestNgPracticeTest">
        <test-method signature="Delete()[pri:0, instance:org.test.practice.TestNgPracticeTest@2d5f7182]" started-at="2022-07-18T16:12:46Z" name="Delete" finished-at="2022-07-18T16:12:46Z" duration-ms="138" status="PASS">
          <reporter-output>
            <line>
              <![CDATA[chrome]]>
            </line>
          </reporter-output>
        </test-method> <!-- Delete -->
        <test-method signature="create()[pri:0, instance:org.test.practice.TestNgPracticeTest@2d5f7182]" started-at="2022-07-18T16:12:46Z" name="create" finished-at="2022-07-18T16:12:46Z" duration-ms="3" status="PASS">
          <reporter-output>
            <line>
              <![CDATA[firefox]]>
            </line>
          </reporter-output>
        </test-method> <!-- create -->
      </class> <!-- org.test.practice.TestNgPracticeTest -->
    </test> <!-- Default test -->
  </suite> <!-- Default suite -->
</testng-results>
